<?xml version="1.0" encoding="UTF-8"?>
<!-- Generated by org.testng.reporters.JUnitReportReporter -->
<testsuite hostname="Arijeet" failures="0" tests="1" name="ninzaCRM.OpportunitiesTests.CreateOpportunityTest" time="66.324" errors="0" timestamp="2025-06-20T19:45:20 IST" skipped="0">
  <testcase classname="ninzaCRM.OpportunitiesTests.CreateOpportunityTest" name="createOpportunity" time="66.324"/>
  <system-out/>
</testsuite> <!-- ninzaCRM.OpportunitiesTests.CreateOpportunityTest -->
