<?xml version="1.0" encoding="UTF-8"?>
<!-- Generated by org.testng.reporters.JUnitReportReporter -->
<testsuite hostname="Arijeet" failures="0" tests="1" name="ninzaCRM.ProductsTests.CreateProductTest" time="26.953" errors="0" timestamp="2025-06-21T20:55:40 IST" skipped="0">
  <testcase classname="ninzaCRM.ProductsTests.CreateProductTest" name="createProduct" time="26.953"/>
  <system-out/>
</testsuite> <!-- ninzaCRM.ProductsTests.CreateProductTest -->
