<?xml version="1.0" encoding="UTF-8"?>
<!-- Generated by org.testng.reporters.JUnitReportReporter -->
<testsuite hostname="Arijeet" failures="0" tests="1" name="ninzaCRM.LeadsTests.CreateLeadWithCampaignTest" time="19.529" errors="0" timestamp="2025-06-19T23:30:20 IST" skipped="0">
  <testcase classname="ninzaCRM.LeadsTests.CreateLeadWithCampaignTest" name="tc_01_createLeadWithCampaign" time="19.529"/>
  <system-out/>
</testsuite> <!-- ninzaCRM.LeadsTests.CreateLeadWithCampaignTest -->
