<?xml version="1.0" encoding="UTF-8"?>
<!-- Generated by org.testng.reporters.JUnitReportReporter -->
<testsuite hostname="Arijeet" failures="0" tests="1" name="ninzaCRM.CreateAllTests.CreateAllAndVerify" time="357.697" errors="0" timestamp="2025-06-24T23:47:32 IST" skipped="0">
  <testcase classname="ninzaCRM.CreateAllTests.CreateAllAndVerify" name="createAllAndVerify" time="357.697"/>
  <system-out/>
</testsuite> <!-- ninzaCRM.CreateAllTests.CreateAllAndVerify -->
