<?xml version="1.0" encoding="UTF-8"?>
<!-- Generated by org.testng.reporters.JUnitReportReporter -->
<testsuite hostname="Arijeet" failures="0" tests="1" name="ninzaCRM.ContactsTests.CreateContactTest" time="50.023" errors="0" timestamp="2025-06-27T22:56:08 IST" skipped="0">
  <testcase classname="ninzaCRM.ContactsTests.CreateContactTest" name="createContact" time="50.023"/>
  <system-out/>
</testsuite> <!-- ninzaCRM.ContactsTests.CreateContactTest -->
