<?xml version="1.0" encoding="UTF-8"?>
<!-- Generated by org.testng.reporters.JUnitReportReporter -->
<testsuite hostname="Arijeet" failures="0" tests="1" name="ninzaCRM.InvoiceTests.CreateInvoiceTest" time="276.774" errors="0" timestamp="2025-06-24T23:22:00 IST" skipped="0">
  <testcase classname="ninzaCRM.InvoiceTests.CreateInvoiceTest" name="createInvoiceTest" time="276.774"/>
  <system-out/>
</testsuite> <!-- ninzaCRM.InvoiceTests.CreateInvoiceTest -->
