<?xml version="1.0" encoding="UTF-8"?>
<!-- Generated by org.testng.reporters.JUnitReportReporter -->
<testsuite hostname="Arijeet" failures="0" tests="1" name="ninzaCRM.SalesOrdersTests.CreateSalesOrderTest" time="222.274" errors="0" timestamp="2025-06-24T19:10:14 IST" skipped="0">
  <testcase classname="ninzaCRM.SalesOrdersTests.CreateSalesOrderTest" name="createSalesOrder" time="222.274"/>
  <system-out/>
</testsuite> <!-- ninzaCRM.SalesOrdersTests.CreateSalesOrderTest -->
