<?xml version="1.0" encoding="UTF-8"?>
<!-- Generated by org.testng.reporters.JUnitReportReporter -->
<testsuite hostname="Arijeet" failures="0" tests="1" name="ninzaCRM.QuotesTests.CreateQuoteTest" time="162.429" errors="0" timestamp="2025-06-24T18:54:00 IST" skipped="0">
  <testcase classname="ninzaCRM.QuotesTests.CreateQuoteTest" name="createQuote" time="162.429"/>
  <system-out/>
</testsuite> <!-- ninzaCRM.QuotesTests.CreateQuoteTest -->
