<?xml version="1.0" encoding="UTF-8"?>
<!-- Generated by org.testng.reporters.JUnitReportReporter -->
<testsuite hostname="DESKTOP-GRKK7EO" failures="0" tests="1" name="ninzaCRM.Leads.Tests.CreateLeadWithCampaignTest" time="28.864" errors="0" timestamp="2025-06-26T00:27:25 IST" skipped="0">
  <testcase classname="ninzaCRM.Leads.Tests.CreateLeadWithCampaignTest" name="tc_01_createLeadWithCampaign" time="28.864"/>
  <system-out/>
</testsuite> <!-- ninzaCRM.Leads.Tests.CreateLeadWithCampaignTest -->
