<?xml version="1.0" encoding="UTF-8"?>
<!-- Generated by org.testng.reporters.JUnitReportReporter -->
<testsuite hostname="Arijeet" failures="0" tests="1" name="ninzaCRM.PurchaseOrdersTests.CreatePurchaseOrderTest" time="99.000" errors="0" timestamp="2025-06-21T20:54:13 IST" skipped="0">
  <testcase classname="ninzaCRM.PurchaseOrdersTests.CreatePurchaseOrderTest" name="createPurchaseOrder" time="99.000"/>
  <system-out/>
</testsuite> <!-- ninzaCRM.PurchaseOrdersTests.CreatePurchaseOrderTest -->
