<?xml version="1.0" encoding="UTF-8"?>
<!-- Generated by org.testng.reporters.JUnitReportReporter -->
<testsuite hostname="Arijeet" failures="0" tests="1" name="ninzaCRM.LeadsTests.CreateLeadTest" time="46.251" errors="0" timestamp="2025-06-19T23:39:22 IST" skipped="0">
  <testcase classname="ninzaCRM.LeadsTests.CreateLeadTest" name="createLead" time="46.251"/>
  <system-out/>
</testsuite> <!-- ninzaCRM.LeadsTests.CreateLeadTest -->
